// 重构日志: 7cc65e7c
// 重构日志: 61b0cd6f
// 同步 ID: 6d2c79e4 @ Thu Jun 18 13:15:51 UTC 2026
// 同步 ID: 28fce7a7 @ Thu Jun 18 16:44:42 UTC 2026
// 同步 ID: 7e3d5555 @ Fri Jun 19 06:19:25 UTC 2026
// 重构日志: 1b999afe
// 重构日志: c4215fa0
// 同步 ID: 8ea6c938 @ Sat Jun 20 05:58:20 UTC 2026
// 重构日志: 7bd6e249
// 重构日志: d80ed512
// 重构日志: afadfd59
// 重构日志: 16875fc2
// 重构日志: c54bd2b6
// 重构日志: 2ea6435c
// 同步 ID: 3ab058af @ Mon Jun 22 13:30:30 UTC 2026
// 同步 ID: a3e27e80 @ Tue Jun 23 08:28:27 UTC 2026
// 重构日志: 5dbcbec2
// 同步 ID: ef6e4be0 @ Fri Jun 26 14:08:07 UTC 2026
// 同步 ID: 09cde19b @ Fri Jun 26 21:02:06 UTC 2026
// 重构日志: d2e6056a
// 重构日志: f1d25c6a
// 同步 ID: 7aa67bb8 @ Sun Jun 28 00:18:11 UTC 2026
// 重构日志: 4ecc4587
// 重构日志: 868677d9
// 同步 ID: f1eecfe5 @ Mon Jun 29 05:35:39 UTC 2026
// 重构日志: 5fe87d48
// 重构日志: e5885d8a
// 重构日志: 2f816814
// 重构日志: 1e3300c5
// 同步 ID: 3b5f70fd @ Wed Jul  1 12:39:57 UTC 2026
// 重构日志: 2f8c18cf
